<?xml version="1.0" encoding="UTF-8"?>
<!-- Generated by org.testng.reporters.JUnitXMLReporter -->
<testsuite ignored="0" hostname="DESKTOP-9CC8H0S" failures="0" tests="1" name="SearchEngineTest" time="2.682" errors="0" timestamp="01 Feb 2024 03:04:15 GMT">
  <testcase classname="com.searchengine.qa.basetest.BaseTest" name="@BeforeTest setUp" time="2.647">
    <failure type="org.openqa.selenium.SessionNotCreatedException" message="session not created: This version of ChromeDriver only supports Chrome version 114
Current browser version is 120.0.6099.225 with binary path C:\Program Files\Google\Chrome\Application\chrome.exe
Build info: version: &amp;apos;3.141.59&amp;apos;, revision: &amp;apos;e82be7d358&amp;apos;, time: &amp;apos;2018-11-14T08:17:03&amp;apos;
System info: host: &amp;apos;DESKTOP-9CC8H0S&amp;apos;, ip: &amp;apos;192.168.0.27&amp;apos;, os.name: &amp;apos;Windows 10&amp;apos;, os.arch: &amp;apos;amd64&amp;apos;, os.version: &amp;apos;10.0&amp;apos;, java.version: &amp;apos;15.0.1&amp;apos;
Driver info: driver.version: ChromeDriver
remote stacktrace: Backtrace:
	GetHandleVerifier [0x005EA813+48355]
	(No symbol) [0x0057C4B1]
	(No symbol) [0x00485358]
	(No symbol) [0x004A61AC]
	(No symbol) [0x004A1EF3]
	(No symbol) [0x004A0579]
	(No symbol) [0x004D0C55]
	(No symbol) [0x004D093C]
	(No symbol) [0x004CA536]
	(No symbol) [0x004A82DC]
	(No symbol) [0x004A93DD]
	GetHandleVerifier [0x0084AABD+2539405]
	GetHandleVerifier [0x0088A78F+2800735]
	GetHandleVerifier [0x0088456C+2775612]
	GetHandleVerifier [0x006751E0+616112]
	(No symbol) [0x00585F8C]
	(No symbol) [0x00582328]
	(No symbol) [0x0058240B]
	(No symbol) [0x00574FF7]
	BaseThreadInitThunk [0x76837BA9+25]
	RtlInitializeExceptionChain [0x771EBD2B+107]
	RtlClearBits [0x771EBCAF+191]
">
      <![CDATA[org.openqa.selenium.SessionNotCreatedException: session not created: This version of ChromeDriver only supports Chrome version 114
Current browser version is 120.0.6099.225 with binary path C:\Program Files\Google\Chrome\Application\chrome.exe
Build info: version: '3.141.59', revision: 'e82be7d358', time: '2018-11-14T08:17:03'
System info: host: 'DESKTOP-9CC8H0S', ip: '192.168.0.27', os.name: 'Windows 10', os.arch: 'amd64', os.version: '10.0', java.version: '15.0.1'
Driver info: driver.version: ChromeDriver
remote stacktrace: Backtrace:
GetHandleVerifier [0x005EA813+48355]
(No symbol) [0x0057C4B1]
(No symbol) [0x00485358]
(No symbol) [0x004A61AC]
(No symbol) [0x004A1EF3]
(No symbol) [0x004A0579]
(No symbol) [0x004D0C55]
(No symbol) [0x004D093C]
(No symbol) [0x004CA536]
(No symbol) [0x004A82DC]
(No symbol) [0x004A93DD]
GetHandleVerifier [0x0084AABD+2539405]
GetHandleVerifier [0x0088A78F+2800735]
GetHandleVerifier [0x0088456C+2775612]
GetHandleVerifier [0x006751E0+616112]
(No symbol) [0x00585F8C]
(No symbol) [0x00582328]
(No symbol) [0x0058240B]
(No symbol) [0x00574FF7]
BaseThreadInitThunk [0x76837BA9+25]
RtlInitializeExceptionChain [0x771EBD2B+107]
RtlClearBits [0x771EBCAF+191]

at org.openqa.selenium.remote.W3CHandshakeResponse.lambda$errorHandler$0(W3CHandshakeResponse.java:62)
at org.openqa.selenium.remote.HandshakeResponse.lambda$getResponseFunction$0(HandshakeResponse.java:30)
at org.openqa.selenium.remote.ProtocolHandshake.lambda$createSession$0(ProtocolHandshake.java:126)
at java.base/java.util.stream.ReferencePipeline$3$1.accept(ReferencePipeline.java:195)
at java.base/java.util.Spliterators$ArraySpliterator.tryAdvance(Spliterators.java:958)
at java.base/java.util.stream.ReferencePipeline.forEachWithCancel(ReferencePipeline.java:127)
at java.base/java.util.stream.AbstractPipeline.copyIntoWithCancel(AbstractPipeline.java:502)
at java.base/java.util.stream.AbstractPipeline.copyInto(AbstractPipeline.java:488)
at java.base/java.util.stream.AbstractPipeline.wrapAndCopyInto(AbstractPipeline.java:474)
at java.base/java.util.stream.FindOps$FindOp.evaluateSequential(FindOps.java:150)
at java.base/java.util.stream.AbstractPipeline.evaluate(AbstractPipeline.java:234)
at java.base/java.util.stream.ReferencePipeline.findFirst(ReferencePipeline.java:543)
at org.openqa.selenium.remote.ProtocolHandshake.createSession(ProtocolHandshake.java:128)
at org.openqa.selenium.remote.ProtocolHandshake.createSession(ProtocolHandshake.java:74)
at org.openqa.selenium.remote.HttpCommandExecutor.execute(HttpCommandExecutor.java:136)
at org.openqa.selenium.remote.service.DriverCommandExecutor.execute(DriverCommandExecutor.java:83)
at org.openqa.selenium.remote.RemoteWebDriver.execute(RemoteWebDriver.java:552)
at org.openqa.selenium.remote.RemoteWebDriver.startSession(RemoteWebDriver.java:213)
at org.openqa.selenium.remote.RemoteWebDriver.<init>(RemoteWebDriver.java:131)
at org.openqa.selenium.chrome.ChromeDriver.<init>(ChromeDriver.java:181)
at org.openqa.selenium.chrome.ChromeDriver.<init>(ChromeDriver.java:168)
at org.openqa.selenium.chrome.ChromeDriver.<init>(ChromeDriver.java:123)
at com.searchengine.qa.driverfactory.DriverFactory.initDriver(DriverFactory.java:34)
at com.searchengine.qa.basetest.BaseTest.setUp(BaseTest.java:34)
... Removed 29 stack frames]]>
    </failure>
  </testcase> <!-- @BeforeTest setUp -->
  <testcase classname="com.searchengine.qa.tests.SearchEngineTest" name="@BeforeClass verifyResultsSetup" time="0.0">
    <skipped/>
  </testcase> <!-- @BeforeClass verifyResultsSetup -->
  <testcase classname="com.searchengine.qa.basetest.BaseTest" name="@AfterTest tearDown" time="0.0">
    <skipped/>
  </testcase> <!-- @AfterTest tearDown -->
  <testcase classname="com.searchengine.qa.tests.SearchEngineTest" name="searchAndVerifyFirstResult" time="0.0">
    <skipped/>
  </testcase> <!-- searchAndVerifyFirstResult -->
</testsuite> <!-- SearchEngineTest -->
